C251 COMPILER V5.60.0,  encoder                                                            20/11/25  20:49:35  PAGE 1   


C251 COMPILER V5.60.0, COMPILATION OF MODULE encoder
OBJECT MODULE PLACED IN .\Out_File\encoder.obj
COMPILER INVOKED BY: C:\mmddk5\C251\BIN\C251.EXE encoder.c XSMALL INTR2 WARNINGLEVEL(3) BROWSE INCDIR(..\..\Libraries\li
                    -braries;..\..\Libraries\seekfree_libraries;..\..\Libraries\seekfree_peripheral;..\CODE;..\USER\inc;..\USER\src) DEBUG PR
                    -INT(.\Out_File\encoder.lst) TABS(2) OBJECT(.\Out_File\encoder.obj) 

stmt  level    source

    1          #include "headfile.h"
    2          #include "encoder.h"
    3          int16 encoder_left = 0; 
    4          int16 encoder_right = 0;
    5          void encodervalue_get()
    6          {
    7   1                                //sys_clk???:33177600, 30000000, 27000000. 24000000, 22118400, 20000000, 18432000, 12000000,
             - 11059200, 6000000, 5529600?               //??????,??????STC-ISP???? <??????????IRC??>????????                        //????????,?????????
             -???,PWM?????????
    8   1                                                  //???????30MHz
    9   1                
   10   1                if(DIR_left == 1)
   11   1                {
   12   2                encoder_left = ctimer_count_read(pulse_left) * -1;
   13   2                }
   14   1                else
   15   1                {
   16   2                encoder_left = ctimer_count_read(pulse_left);
   17   2                }
   18   1                ctimer_count_clean(pulse_left);
   19   1              if(DIR_right == 1)
   20   1                {
   21   2                encoder_right= ctimer_count_read(pulse_right);
   22   2                }
   23   1                  else
   24   1                {
   25   2                encoder_right = ctimer_count_read(pulse_right) * -1;
   26   2                }
   27   1                ctimer_count_clean(pulse_right);
   28   1                delay_ms(50);
   29   1        
   30   1      }


Module Information          Static   Overlayable
------------------------------------------------
  code size            =        87     ------
  ecode size           =    ------     ------
  data size            =    ------     ------
  idata size           =    ------     ------
  pdata size           =    ------     ------
  xdata size           =    ------     ------
  xdata-const size     =    ------     ------
  edata size           =         4     ------
  bit size             =    ------     ------
  ebit size            =    ------     ------
  bitaddressable size  =    ------     ------
  ebitaddressable size =    ------     ------
  far data size        =    ------     ------
  huge data size       =    ------     ------
  const size           =    ------     ------
  hconst size          =        12     ------
End of Module Information.


C251 COMPILATION COMPLETE.  0 WARNING(S),  0 ERROR(S)
