C251 COMPILER V5.60.0,  main                                                               10/01/26  20:03:11  PAGE 1   


C251 COMPILER V5.60.0, COMPILATION OF MODULE main
OBJECT MODULE PLACED IN .\Out_File\main.obj
COMPILER INVOKED BY: C:\mmddk5\C251\BIN\C251.EXE ..\USER\src\main.c XSMALL INTR2 WARNINGLEVEL(3) BROWSE INCDIR(..\..\Lib
                    -raries\libraries;..\..\Libraries\seekfree_libraries;..\..\Libraries\seekfree_peripheral;..\CODE;..\USER\inc;..\USER\src)
                    - DEBUG PRINT(.\Out_File\main.lst) TABS(2) OBJECT(.\Out_File\main.obj) 

stmt  level    source

    1          /********************************************************************************************************
             -*************
    2           * copyright notice
    3           * copyright (c) 2020,逐飞科技
    4           * all rights reserved.
    5           * 技术讨论qq群：一群：179029047(已满)  二群：244861897(已满)  三群：824575535
    6           *
    7           * 以下所有内容版权均属逐飞科技所有，未经允许不得用于商业用途，
    8           * 欢迎各位使用并传播本程序，修改内容时必须保留逐飞科技的版权声明。
    9           *
   10           * @file          main
   11           * @company       成都逐飞科技有限公司
   12           * @author        逐飞科技(qq790875685)
   13           * @version       查看doc内version文件 版本说明
   14           * @software    mdk for c251 v5.60
   15           * @target core   stc16f40k128
   16           * @taobao      https://seekfree.taobao.com/
   17           * @date          2020-12-18
   18           ********************************************************************************************************
             -************/
   19          
   20          #include "headfile.h"
   21          
   22          extern float tgt_L;
   23          extern float tgt_R;
   24          extern  motor Motor_L;
   25          extern  motor Motor_R;
   26          extern float g_ctrl_u_L;
   27          extern float g_ctrl_u_R;
   28          float measured_w;
   29          extern ADC_inductance ADC;
   30          int16 flag_10ms;
   31          // 上述define为反接
   32            /*
   33            *关于内核频率的设定，可以查看board.h文件
   34           *在board_init中,已经将p54引脚设置为复位
   35           *如果需要使用p54引脚,可以在board.c文件中的board_init()函数中删除set_p54_resrt即可
   36           */
   37          void main()
   38          {
   39   1        DisableGlobalIRQ();
   40   1        sys_clk = 30000000; 
   41   1        board_init();
   42   1        Control_Init();
   43   1        ips114_init_simspi();
   44   1        pit_timer_ms(TIM_2, 5);
   45   1        EnableGlobalIRQ();
   46   1        
   47   1        while(1)
   48   1        { 
   49   2          ips114_showfloat_simspi(0, 0, Motor_L.Total_Encoder, 6, 3);
   50   2          ips114_showfloat_simspi(0, 1, Motor_R.Total_Encoder, 6, 3);
   51   2          ips114_showfloat_simspi(0, 3, ADC.ADC1, 4, 3);
   52   2          ips114_showfloat_simspi(0, 4, ADC.ADC2, 4, 3);
   53   2          ips114_showfloat_simspi(0, 5, ADC.ADC3, 4, 3);
   54   2          ips114_showfloat_simspi(0, 6, ADC.ADC4, 4, 3);
   55   2          ips114_showfloat_simspi(0,7, steer_u, 4, 3);
C251 COMPILER V5.60.0,  main                                                               10/01/26  20:03:11  PAGE 2   

   56   2        }
   57   1      }


Module Information          Static   Overlayable
------------------------------------------------
  code size            =       186     ------
  ecode size           =    ------     ------
  data size            =    ------     ------
  idata size           =    ------     ------
  pdata size           =    ------     ------
  xdata size           =    ------     ------
  xdata-const size     =    ------     ------
  edata size           =         6     ------
  bit size             =    ------     ------
  ebit size            =    ------     ------
  bitaddressable size  =    ------     ------
  ebitaddressable size =    ------     ------
  far data size        =    ------     ------
  huge data size       =    ------     ------
  const size           =    ------     ------
  hconst size          =    ------     ------
End of Module Information.


C251 COMPILATION COMPLETE.  0 WARNING(S),  0 ERROR(S)
