C251 COMPILER V5.60.0,  MOTOR1                                                             20/11/25  20:49:35  PAGE 1   


C251 COMPILER V5.60.0, COMPILATION OF MODULE MOTOR1
OBJECT MODULE PLACED IN .\Out_File\MOTOR1.obj
COMPILER INVOKED BY: C:\mmddk5\C251\BIN\C251.EXE MOTOR1.c XSMALL INTR2 WARNINGLEVEL(3) BROWSE INCDIR(..\..\Libraries\lib
                    -raries;..\..\Libraries\seekfree_libraries;..\..\Libraries\seekfree_peripheral;..\CODE;..\USER\inc;..\USER\src) DEBUG PRI
                    -NT(.\Out_File\MOTOR1.lst) TABS(2) OBJECT(.\Out_File\MOTOR1.obj) 

stmt  level    source

    1          /********************************************************************************************************
             -*************
    2           * COPYRIGHT NOTICE
    3           * Copyright (c) 2020,逐飞科技
    4           * All rights reserved.
    5           * 技术讨论QQ群：一群：179029047(已满)  二群：244861897(已满)  三群：824575535
    6           *
    7           * 以下所有内容版权均属逐飞科技所有，未经允许不得用于商业用途，
    8           * 欢迎各位使用并传播本程序，修改内容时必须保留逐飞科技的版权声明。
    9           *
   10           * @file          main
   11           * @company       成都逐飞科技有限公司
   12           * @author        逐飞科技(QQ790875685)
   13           * @version       查看doc内version文件 版本说明
   14           * @Software    MDK FOR C251 V5.60
   15           * @Target core   STC16F40K128
   16           * @Taobao      https://seekfree.taobao.com/
   17           * @date          2020-12-18
   18           ********************************************************************************************************
             -************/
   19          
   20          #include "headfile.h"
   21          
   22          #define in2     PWMA_CH4N_P33                 
   23          #define in1     P63           
   24          #define ea      P62
   25          #define eb      P45
   26          #define in3     P77     
   27          #define in4     PWMB_CH4_P03
   28          /*
   29           *关于内核频率的设定，可以查看board.h文件
   30           *在board_init中,已经将P54引脚设置为复位
   31           *如果需要使用P54引脚,可以在board.c文件中的board_init()函数中删除SET_P54_RESRT即可
   32           */
   33          
   34          void MOTOR_init()
   35          {
   36   1      gpio_mode(in2,GPO_PP);
   37   1      gpio_mode(in1,GPO_PP);
   38   1      gpio_mode(ea,GPO_PP);
   39   1      gpio_mode(in3,GPO_PP);
   40   1      gpio_mode(in4,GPO_PP);
   41   1      gpio_mode(eb,GPO_PP);   
   42   1                                                
   43   1        pwm_init(in2,10000,0);
   44   1        pwm_init(in4,10000,0);
   45   1      }


Module Information          Static   Overlayable
------------------------------------------------
  code size            =       108     ------
  ecode size           =    ------     ------
  data size            =    ------     ------
  idata size           =    ------     ------
  pdata size           =    ------     ------
  xdata size           =    ------     ------
  xdata-const size     =    ------     ------
C251 COMPILER V5.60.0,  MOTOR1                                                             20/11/25  20:49:35  PAGE 2   

  edata size           =    ------     ------
  bit size             =    ------     ------
  ebit size            =    ------     ------
  bitaddressable size  =    ------     ------
  ebitaddressable size =    ------     ------
  far data size        =    ------     ------
  huge data size       =    ------     ------
  const size           =    ------     ------
  hconst size          =    ------     ------
End of Module Information.


C251 COMPILATION COMPLETE.  0 WARNING(S),  0 ERROR(S)
