C251 COMPILER V5.60.0,  PID                                                                10/01/26  18:27:31  PAGE 1   


C251 COMPILER V5.60.0, COMPILATION OF MODULE PID
OBJECT MODULE PLACED IN .\Out_File\PID.obj
COMPILER INVOKED BY: C:\mmddk5\C251\BIN\C251.EXE ..\CODE\PID.c XSMALL INTR2 WARNINGLEVEL(3) BROWSE INCDIR(..\..\Librarie
                    -s\libraries;..\..\Libraries\seekfree_libraries;..\..\Libraries\seekfree_peripheral;..\CODE;..\USER\inc;..\USER\src) DEBU
                    -G PRINT(.\Out_File\PID.lst) TABS(2) OBJECT(.\Out_File\PID.obj) 

stmt  level    source

    1          /*
    2           * PID.c
    3           *
    4           *  Created on: 2025年9月29日
    5           *      Author: CYM
    6           */
    7          
    8          #include "PID.h"
    9          
   10          #ifndef EPS_F
   11          #define EPS_F 1e-6f
   12          #endif
   13          
   14          //-------------------------------------------------------------------------------------------------------
             -------------
   15          // 函数简介     PID初始化
   16          // 参数说明     PID_t *p 对应闭环系统的结构体
   17          // 返回参数     void
   18          // 使用示例
   19          // 备注信息     将结构体里对应的参数赋值
   20          //-------------------------------------------------------------------------------------------------------
             -------------
   21          void PID_Init(PID_t *p, float kp, float ki, float kd, float out_min, float out_max, uint32 dt_ms)
   22          {
   23   1          if (!p) return;
   24   1          p->kp = kp;
   25   1          p->ki = ki;
   26   1          p->kd = kd;
   27   1          p->out_min = out_min;
   28   1          p->out_max = out_max;
   29   1          p->integ = 0.0f;
   30   1          p->prev_err = 0.0f;
   31   1          p->prev_deriv = 0.0f;
   32   1          p->dt_ms = (dt_ms == 0) ? 1 : dt_ms;
   33   1      }
   34          
   35          //-------------------------------------------------------------------------------------------------------
             -------------
   36          // 函数简介     位置式 PID
   37          // 参数说明     setpoint 目标值
   38          // 参数说明     measurement 测量值
   39          // 返回参数     float
   40          // 使用示例
   41          // 备注信息     直接输出控制量
   42          //-------------------------------------------------------------------------------------------------------
             -------------
   43          float PID_Update_Position(PID_t *p, float setpoint, float measurement)
   44          {
   45   1          float dt;
   46   1          float err;
   47   1          float up;
   48   1          float deriv;
   49   1          float ud;
   50   1          float u;
   51   1      
   52   1          if (!p)
   53   1              return 0;
C251 COMPILER V5.60.0,  PID                                                                10/01/26  18:27:31  PAGE 2   

   54   1      
   55   1          dt = (float)p->dt_ms * 0.001f;
   56   1          if (dt <= EPS_F)
   57   1              dt = EPS_F;
   58   1      
   59   1          err = setpoint - measurement;
   60   1      
   61   1          /* P */
   62   1          up = p->kp * err;
   63   1      
   64   1          /* I */
   65   1          p->integ += p->ki * err * dt;
   66   1      
   67   1          /* D (差分近似) */
   68   1          deriv = (err - p->prev_err) / dt;
   69   1          ud = p->kd * deriv;
   70   1      
   71   1          /* 合成 */
   72   1          u = up + p->integ + ud;
   73   1      
   74   1          /* 输出限幅 + 积分反向修正（防积分风up）*/
   75   1          if (u > p->out_max)
   76   1          {
   77   2              if (p->ki * err * dt > 0.0f)
   78   2              {
   79   3                  p->integ -= p->ki * err * dt;
   80   3              }
   81   2              u = p->out_max;
   82   2          }
   83   1          else if (u < p->out_min)
   84   1          {
   85   2              if (p->ki * err * dt < 0.0f)
   86   2              {
   87   3                  p->integ -= p->ki * err * dt;
   88   3              }
   89   2              u = p->out_min;
   90   2          }
   91   1      
   92   1          p->prev_err = err;
   93   1          p->prev_deriv = deriv;
   94   1      
   95   1          return u;
   96   1      }
   97          
   98          //-------------------------------------------------------------------------------------------------------
             -------------
   99          // 函数简介     速度式（增量式）PID
  100          // 参数说明     setpoint 目标值
  101          // 参数说明     measurement 测量值
  102          // 返回参数     float
  103          // 使用示例
  104          // 备注信息     返回 Δu
  105          //-------------------------------------------------------------------------------------------------------
             -------------
  106          float PID_Update_Velocity(PID_t *p, float setpoint, float measurement)
  107          {
  108   1          float dt;
  109   1          float err;
  110   1      
  111   1          float delta_p;
  112   1          float delta_i;
  113   1          float delta_d;
  114   1      
  115   1          float deriv;
  116   1          float delta_u;
  117   1      
C251 COMPILER V5.60.0,  PID                                                                10/01/26  18:27:31  PAGE 3   

  118   1          if (!p)
  119   1              return 0.0f;
  120   1      
  121   1          dt = (float)p->dt_ms * 0.001f;
  122   1          if (dt <= EPS_F)
  123   1              dt = EPS_F;
  124   1      
  125   1          err = setpoint - measurement;
  126   1      
  127   1          /* ΔP = Kp*(err - prev_err) */
  128   1          delta_p = p->kp * (err - p->prev_err);
  129   1      
  130   1          /* ΔI = Ki*err*dt */
  131   1          delta_i = p->ki * err * dt;
  132   1          if (delta_i > 30.0f) delta_i = 30.0f;
  133   1          else if (delta_i < -30.0f) delta_i = -30.0f;
  134   1          /* ΔD = Kd*((err-prev_err)/dt - prev_deriv) */
  135   1          deriv = (err - p->prev_err) / dt;
  136   1          delta_d = p->kd * (deriv - p->prev_deriv);
  137   1      
  138   1          delta_u = delta_p + delta_i + delta_d;
  139   1      
  140   1          /* 更新内部状态 */
  141   1          p->prev_deriv = deriv;
  142   1          p->prev_err = err;
  143   1      
  144   1          return delta_u;
  145   1      }
  146          
  147          //-------------------------------------------------------------------------------------------------------
             -------------
  148          // 函数简介     一阶低通滤波
  149          // 参数说明      current_value 当前值
  150          // 参数说明      previous_filtered 上一次滤波值
  151          // 参数说明      Alpha 滤波系数
  152          // 返回参数     filtered 滤波后值
  153          // 使用示例
  154          // 备注信息
  155          //-------------------------------------------------------------------------------------------------------
             -------------
  156          
  157          float Lower_filter(float current_value,float previous_filtered,float Alpha)
  158          {   
  159   1          float filtered;
  160   1          
  161   1          filtered = Alpha*previous_filtered+(1-Alpha)*current_value;
  162   1      
  163   1          return filtered;
  164   1      }
  165          


Module Information          Static   Overlayable
------------------------------------------------
  code size            =       769     ------
  ecode size           =    ------     ------
  data size            =    ------     ------
  idata size           =    ------     ------
  pdata size           =    ------     ------
  xdata size           =    ------     ------
  xdata-const size     =    ------     ------
  edata size           =    ------         40
  bit size             =    ------     ------
  ebit size            =    ------     ------
  bitaddressable size  =    ------     ------
  ebitaddressable size =    ------     ------
  far data size        =    ------     ------
C251 COMPILER V5.60.0,  PID                                                                10/01/26  18:27:31  PAGE 4   

  huge data size       =    ------     ------
  const size           =    ------     ------
  hconst size          =    ------     ------
End of Module Information.


C251 COMPILATION COMPLETE.  0 WARNING(S),  0 ERROR(S)
