C251 COMPILER V5.60.0,  Servo                                                              10/01/26  18:27:31  PAGE 1   


C251 COMPILER V5.60.0, COMPILATION OF MODULE Servo
OBJECT MODULE PLACED IN .\Out_File\Servo.obj
COMPILER INVOKED BY: C:\mmddk5\C251\BIN\C251.EXE ..\CODE\Servo.c XSMALL INTR2 WARNINGLEVEL(3) BROWSE INCDIR(..\..\Librar
                    -ies\libraries;..\..\Libraries\seekfree_libraries;..\..\Libraries\seekfree_peripheral;..\CODE;..\USER\inc;..\USER\src) DE
                    -BUG PRINT(.\Out_File\Servo.lst) TABS(2) OBJECT(.\Out_File\Servo.obj) 

stmt  level    source

    1          /*
    2           * Servo.c
    3           *
    4           *  Created on: 2025年9月29日
    5           *      Author: Administrator
    6           */
    7          
    8          
    9          #include "Servo.h"   // 头文件根据你用的编译器和库改
   10          
   11          #define PWM_FREQUENCY    50  // PWM频率50Hz (舵机标准)
   12          #define MIN_PULSE_WIDTH  500 // 0度对应的脉冲宽度(us)
   13          #define MAX_PULSE_WIDTH 2500 // 180度对应的脉冲宽度(us)
   14          #define SERVO_PWM_PIN PWMB_CH2_P01
   15          
   16          void Servo_Init()
   17          {
   18   1          pwm_init(SERVO_PWM_PIN, PWM_FREQUENCY,815);
   19   1      }
   20          
   21          // 设置舵机角度（占空比值，范围400-1200）
   22          void Servo_SetAngle(float angle)
   23          {
   24   1          uint32 duty;
   25   1          
   26   1          // 限幅保护，防止float转uint32时出现异常值
   27   1          if (angle < 500.0f) angle = 500.0f;
   28   1          if (angle > 1100.0f) angle = 1100.0f;
   29   1          
   30   1          duty = (uint32)angle;
   31   1          pwm_duty(SERVO_PWM_PIN, duty);
   32   1      }


Module Information          Static   Overlayable
------------------------------------------------
  code size            =        69     ------
  ecode size           =    ------     ------
  data size            =    ------     ------
  idata size           =    ------     ------
  pdata size           =    ------     ------
  xdata size           =    ------     ------
  xdata-const size     =    ------     ------
  edata size           =    ------     ------
  bit size             =    ------     ------
  ebit size            =    ------     ------
  bitaddressable size  =    ------     ------
  ebitaddressable size =    ------     ------
  far data size        =    ------     ------
  huge data size       =    ------     ------
  const size           =    ------     ------
  hconst size          =    ------     ------
End of Module Information.


C251 COMPILATION COMPLETE.  0 WARNING(S),  0 ERROR(S)
